<?xml version="1.0" encoding="UTF-8"?>
<!-- Generated by org.testng.reporters.JUnitXMLReporter -->
<testsuite ignored="0" hostname="kairosHW0451" failures="1" tests="1" name="Minnwest Update Personal Details" time="6.43" errors="0" timestamp="11 May 2023 09:01:54 GMT">
  <testcase classname="com.minnwest.testcases.Add_Delete_Profile" name="addDeleteProfile" time="6.227">
    <failure type="java.lang.AssertionError" message="null">
      <![CDATA[java.lang.AssertionError: null
	at com.minnwest.testcases.Add_Delete_Profile.addDeleteProfile(Add_Delete_Profile.java:21)
... Removed 27 stack frames]]>
    </failure>
  </testcase> <!-- addDeleteProfile -->
</testsuite> <!-- Minnwest Update Personal Details -->
